<?xml version="1.0" encoding="UTF-8" ?><testsuite errors="0" name="jasmine.specs" tests="2" failures="0" skipped="0" hostname="localhost" time="0.0" timestamp="2012-02-11T14:47:35"><testcase classname="jasmine" name="Taschenrechner can type a number" time="0.0" failure="false"/><testcase classname="jasmine" name="Taschenrechner can`t type a character" time="0.0" failure="false"/></testsuite>