<?xml version="1.0" encoding="UTF-8" ?>
<testsuite failures="0" time="18.244" errors="0" skipped="0" tests="8" name="GuiTest">
  <properties>
    <property name="java.vendor" value="Apple Inc."/>
    <property name="localRepository" value="/Users/svenruchti/.m2/repository"/>
    <property name="sun.java.launcher" value="SUN_STANDARD"/>
    <property name="sun.management.compiler" value="HotSpot 64-Bit Tiered Compilers"/>
    <property name="env.SECURITYSESSIONID" value="186a5"/>
    <property name="os.name" value="Mac OS X"/>
    <property name="sun.boot.class.path" value="/System/Library/Java/JavaVirtualMachines/1.6.0.jdk/Contents/Classes/jsfd.jar:/System/Library/Java/JavaVirtualMachines/1.6.0.jdk/Contents/Classes/classes.jar:/System/Library/Frameworks/JavaVM.framework/Frameworks/JavaRuntimeSupport.framework/Resources/Java/JavaRuntimeSupport.jar:/System/Library/Java/JavaVirtualMachines/1.6.0.jdk/Contents/Classes/ui.jar:/System/Library/Java/JavaVirtualMachines/1.6.0.jdk/Contents/Classes/laf.jar:/System/Library/Java/JavaVirtualMachines/1.6.0.jdk/Contents/Classes/sunrsasign.jar:/System/Library/Java/JavaVirtualMachines/1.6.0.jdk/Contents/Classes/jsse.jar:/System/Library/Java/JavaVirtualMachines/1.6.0.jdk/Contents/Classes/jce.jar:/System/Library/Java/JavaVirtualMachines/1.6.0.jdk/Contents/Classes/charsets.jar"/>
    <property name="env.TMPDIR" value="/var/folders/mt/lcny5jt57w5ghsrqb4_td2080000gn/T/"/>
    <property name="env.Apple_Ubiquity_Message" value="/tmp/launch-bSuaY4/Apple_Ubiquity_Message"/>
    <property name="env.PWD" value="/Users/svenruchti/Dropbox/Master Thesis/taschenrechner/gui-tests"/>
    <property name="env.LANG" value="de_DE.UTF-8"/>
    <property name="java.vm.specification.vendor" value="Sun Microsystems Inc."/>
    <property name="java.runtime.version" value="1.6.0_29-b11-402-11D50"/>
    <property name="env.Apple_PubSub_Socket_Render" value="/tmp/launch-HuMxIk/Render"/>
    <property name="env.DISPLAY" value="/tmp/launch-paQ3ZK/org.x:0"/>
    <property name="user.name" value="svenruchti"/>
    <property name="env.USER" value="svenruchti"/>
    <property name="env.SHELL" value="/bin/bash"/>
    <property name="env.__CF_USER_TEXT_ENCODING" value="0x1F5:0:3"/>
    <property name="awt.nativeDoubleBuffering" value="true"/>
    <property name="env.PATH" value="/usr/bin:/bin:/usr/sbin:/sbin:/usr/local/bin:/usr/X11/bin:/usr/local/git/bin"/>
    <property name="user.language" value="de"/>
    <property name="sun.boot.library.path" value="/System/Library/Java/JavaVirtualMachines/1.6.0.jdk/Contents/Libraries"/>
    <property name="classworlds.conf" value="/usr/share/maven/bin/m2.conf"/>
    <property name="java.version" value="1.6.0_29"/>
    <property name="user.timezone" value=""/>
    <property name="sun.arch.data.model" value="64"/>
    <property name="http.nonProxyHosts" value="local|*.local|169.254/16|*.169.254/16"/>
    <property name="java.endorsed.dirs" value="/System/Library/Java/JavaVirtualMachines/1.6.0.jdk/Contents/Home/lib/endorsed"/>
    <property name="sun.cpu.isalist" value=""/>
    <property name="sun.jnu.encoding" value="MacRoman"/>
    <property name="file.encoding.pkg" value="sun.io"/>
    <property name="env.SHLVL" value="1"/>
    <property name="file.separator" value="/"/>
    <property name="java.specification.name" value="Java Platform API Specification"/>
    <property name="java.class.version" value="50.0"/>
    <property name="user.country" value="DE"/>
    <property name="java.home" value="/System/Library/Java/JavaVirtualMachines/1.6.0.jdk/Contents/Home"/>
    <property name="java.vm.info" value="mixed mode"/>
    <property name="env.LOGNAME" value="svenruchti"/>
    <property name="os.version" value="10.7.3"/>
    <property name="env.TERM_PROGRAM_VERSION" value="303"/>
    <property name="path.separator" value=":"/>
    <property name="java.vm.version" value="20.4-b02-402"/>
    <property name="java.awt.printerjob" value="apple.awt.CPrinterJob"/>
    <property name="env.TERM" value="xterm-256color"/>
    <property name="sun.io.unicode.encoding" value="UnicodeLittle"/>
    <property name="awt.toolkit" value="apple.awt.CToolkit"/>
    <property name="socksNonProxyHosts" value="local|*.local|169.254/16|*.169.254/16"/>
    <property name="ftp.nonProxyHosts" value="local|*.local|169.254/16|*.169.254/16"/>
    <property name="user.home" value="/Users/svenruchti"/>
    <property name="env.OLDPWD" value="/Users/svenruchti/Dropbox/Master Thesis/taschenrechner/gui-tests"/>
    <property name="java.specification.vendor" value="Sun Microsystems Inc."/>
    <property name="env.TERM_PROGRAM" value="Apple_Terminal"/>
    <property name="java.library.path" value=".:/Users/svenruchti/Library/Java/Extensions:/Library/Java/Extensions:/System/Library/Java/Extensions:/usr/lib/java"/>
    <property name="java.vendor.url" value="http://www.apple.com/"/>
    <property name="java.vm.vendor" value="Apple Inc."/>
    <property name="gopherProxySet" value="false"/>
    <property name="maven.home" value="/usr/share/maven"/>
    <property name="java.runtime.name" value="Java(TM) SE Runtime Environment"/>
    <property name="sun.java.command" value="org.codehaus.plexus.classworlds.launcher.Launcher clean install"/>
    <property name="java.class.path" value="/usr/share/maven/boot/plexus-classworlds-2.4.jar"/>
    <property name="env.TERM_SESSION_ID" value="EE6508A7-C3DB-44F7-8954-5A7C85882395"/>
    <property name="env.com.apple.java.jvmMode" value="client"/>
    <property name="java.vm.specification.name" value="Java Virtual Machine Specification"/>
    <property name="java.vm.specification.version" value="1.0"/>
    <property name="sun.cpu.endian" value="little"/>
    <property name="sun.os.patch.level" value="unknown"/>
    <property name="env.HOME" value="/Users/svenruchti"/>
    <property name="env.JAVA_MAIN_CLASS_2165" value="org.codehaus.plexus.classworlds.launcher.Launcher"/>
    <property name="surefire.test.class.path" value="/Users/svenruchti/Dropbox/Master Thesis/taschenrechner/gui-tests/target/test-classes:/Users/svenruchti/Dropbox/Master Thesis/taschenrechner/gui-tests/target/classes:/Users/svenruchti/.m2/repository/org/seleniumhq/selenium/selenium-java/2.19.0/selenium-java-2.19.0.jar:/Users/svenruchti/.m2/repository/org/seleniumhq/selenium/selenium-android-driver/2.19.0/selenium-android-driver-2.19.0.jar:/Users/svenruchti/.m2/repository/org/seleniumhq/selenium/selenium-remote-driver/2.19.0/selenium-remote-driver-2.19.0.jar:/Users/svenruchti/.m2/repository/cglib/cglib-nodep/2.1_3/cglib-nodep-2.1_3.jar:/Users/svenruchti/.m2/repository/org/json/json/20080701/json-20080701.jar:/Users/svenruchti/.m2/repository/com/google/guava/guava/11.0.1/guava-11.0.1.jar:/Users/svenruchti/.m2/repository/com/google/code/findbugs/jsr305/1.3.9/jsr305-1.3.9.jar:/Users/svenruchti/.m2/repository/org/seleniumhq/selenium/selenium-chrome-driver/2.19.0/selenium-chrome-driver-2.19.0.jar:/Users/svenruchti/.m2/repository/org/seleniumhq/selenium/selenium-htmlunit-driver/2.19.0/selenium-htmlunit-driver-2.19.0.jar:/Users/svenruchti/.m2/repository/org/seleniumhq/selenium/selenium-api/2.19.0/selenium-api-2.19.0.jar:/Users/svenruchti/.m2/repository/net/sourceforge/htmlunit/htmlunit/2.9/htmlunit-2.9.jar:/Users/svenruchti/.m2/repository/xalan/xalan/2.7.1/xalan-2.7.1.jar:/Users/svenruchti/.m2/repository/xalan/serializer/2.7.1/serializer-2.7.1.jar:/Users/svenruchti/.m2/repository/commons-collections/commons-collections/3.2.1/commons-collections-3.2.1.jar:/Users/svenruchti/.m2/repository/commons-lang/commons-lang/2.6/commons-lang-2.6.jar:/Users/svenruchti/.m2/repository/org/apache/httpcomponents/httpmime/4.1.2/httpmime-4.1.2.jar:/Users/svenruchti/.m2/repository/commons-codec/commons-codec/1.4/commons-codec-1.4.jar:/Users/svenruchti/.m2/repository/net/sourceforge/htmlunit/htmlunit-core-js/2.9/htmlunit-core-js-2.9.jar:/Users/svenruchti/.m2/repository/xerces/xercesImpl/2.9.1/xercesImpl-2.9.1.jar:/Users/svenruchti/.m2/repository/xml-apis/xml-apis/1.3.04/xml-apis-1.3.04.jar:/Users/svenruchti/.m2/repository/net/sourceforge/nekohtml/nekohtml/1.9.15/nekohtml-1.9.15.jar:/Users/svenruchti/.m2/repository/net/sourceforge/cssparser/cssparser/0.9.5/cssparser-0.9.5.jar:/Users/svenruchti/.m2/repository/org/w3c/css/sac/1.3/sac-1.3.jar:/Users/svenruchti/.m2/repository/commons-logging/commons-logging/1.1.1/commons-logging-1.1.1.jar:/Users/svenruchti/.m2/repository/org/apache/httpcomponents/httpclient/4.1.2/httpclient-4.1.2.jar:/Users/svenruchti/.m2/repository/org/apache/httpcomponents/httpcore/4.1.2/httpcore-4.1.2.jar:/Users/svenruchti/.m2/repository/org/seleniumhq/selenium/selenium-firefox-driver/2.19.0/selenium-firefox-driver-2.19.0.jar:/Users/svenruchti/.m2/repository/commons-io/commons-io/2.0.1/commons-io-2.0.1.jar:/Users/svenruchti/.m2/repository/org/apache/commons/commons-exec/1.1/commons-exec-1.1.jar:/Users/svenruchti/.m2/repository/org/seleniumhq/selenium/selenium-ie-driver/2.19.0/selenium-ie-driver-2.19.0.jar:/Users/svenruchti/.m2/repository/net/java/dev/jna/jna/3.4.0/jna-3.4.0.jar:/Users/svenruchti/.m2/repository/net/java/dev/jna/platform/3.4.0/platform-3.4.0.jar:/Users/svenruchti/.m2/repository/org/seleniumhq/selenium/selenium-iphone-driver/2.19.0/selenium-iphone-driver-2.19.0.jar:/Users/svenruchti/.m2/repository/org/seleniumhq/selenium/selenium-support/2.19.0/selenium-support-2.19.0.jar:/Users/svenruchti/.m2/repository/org/slf4j/slf4j-api/1.6.4/slf4j-api-1.6.4.jar:/Users/svenruchti/.m2/repository/junit/junit/4.8.1/junit-4.8.1.jar:"/>
    <property name="java.io.tmpdir" value="/var/folders/mt/lcny5jt57w5ghsrqb4_td2080000gn/T/"/>
    <property name="java.vendor.url.bug" value="http://bugreport.apple.com/"/>
    <property name="env.SSH_AUTH_SOCK" value="/tmp/launch-rbNYY5/Listeners"/>
    <property name="env.COMMAND_MODE" value="unix2003"/>
    <property name="mrj.build" value="11D50"/>
    <property name="java.awt.graphicsenv" value="apple.awt.CGraphicsEnvironment"/>
    <property name="os.arch" value="x86_64"/>
    <property name="java.ext.dirs" value="/Users/svenruchti/Library/Java/Extensions:/Library/Java/Extensions:/System/Library/Java/Extensions:/System/Library/Java/JavaVirtualMachines/1.6.0.jdk/Contents/Home/lib/ext"/>
    <property name="user.dir" value="/Users/svenruchti/Dropbox/Master Thesis/taschenrechner/gui-tests"/>
    <property name="mrj.version" value="1070.1.6.0_29-402"/>
    <property name="env.com.apple.java.jvmTask" value="CommandLine_Manual.java"/>
    <property name="line.separator" value="
"/>
    <property name="java.vm.name" value="Java HotSpot(TM) 64-Bit Server VM"/>
    <property name="basedir" value="/Users/svenruchti/Dropbox/Master Thesis/taschenrechner/gui-tests"/>
    <property name="file.encoding" value="MacRoman"/>
    <property name="java.specification.version" value="1.6"/>
  </properties>
  <testcase time="1.192" classname="GuiTest" name="addieren"/>
  <testcase time="0.484" classname="GuiTest" name="subtrahieren"/>
  <testcase time="0.522" classname="GuiTest" name="multiplizieren"/>
  <testcase time="0.542" classname="GuiTest" name="dividieren"/>
  <testcase time="0.251" classname="GuiTest" name="quadrieren"/>
  <testcase time="0.253" classname="GuiTest" name="wurzel"/>
  <testcase time="0.065" classname="GuiTest" name="logarithmus"/>
  <testcase time="0.582" classname="GuiTest" name="loeschen"/>
</testsuite>